# JRE version: Java(TM) SE Runtime Environment (8.0_92-b14) (build 1.8.0_92-b14)
# Java VM: Java HotSpot(TM) 64-Bit Server VM (25.92-b14 mixed mode linux-amd64 compressed oops)
Heap:
 PSYoungGen      total 187392K, used 177424K [0x00000000eb600000, 0x00000000f9c80000, 0x0000000100000000)
  eden space 153600K, 98% used [0x00000000eb600000,0x00000000f4a07f78,0x00000000f4c00000)
  from space 33792K, 76% used [0x00000000f6f80000,0x00000000f88bc300,0x00000000f9080000)
  to   space 36352K, 0% used [0x00000000f4c00000,0x00000000f4c00000,0x00000000f6f80000)
 ParOldGen       total 115200K, used 47424K [0x00000000c2200000, 0x00000000c9280000, 0x00000000eb600000)
  object space 115200K, 41% used [0x00000000c2200000,0x00000000c5050360,0x00000000c9280000)
 Metaspace       used 42934K, capacity 43492K, committed 43736K, reserved 1085440K
  class space    used 6671K, capacity 6817K, committed 6872K, reserved 1048576K
GC Heap History (10 events):
Event: 5.304 GC heap before
{Heap before GC invocations=13 (full 2):
 PSYoungGen      total 129024K, used 128687K [0x00000000eb600000, 0x00000000f6380000, 0x0000000100000000)
  eden space 113664K, 100% used [0x00000000eb600000,0x00000000f2500000,0x00000000f2500000)
  from space 15360K, 97% used [0x00000000f5480000,0x00000000f632bc40,0x00000000f6380000)
  to   space 20480K, 0% used [0x00000000f3b80000,0x00000000f3b80000,0x00000000f4f80000)
 ParOldGen       total 76800K, used 30062K [0x00000000c2200000, 0x00000000c6d00000, 0x00000000eb600000)
  object space 76800K, 39% used [0x00000000c2200000,0x00000000c3f5b860,0x00000000c6d00000)
 Metaspace       used 39114K, capacity 39456K, committed 39768K, reserved 1083392K
  class space    used 6096K, capacity 6199K, committed 6232K, reserved 1048576K
Event: 5.319 GC heap after
Heap after GC invocations=13 (full 2):
 PSYoungGen      total 154112K, used 20459K [0x00000000eb600000, 0x00000000f6a80000, 0x0000000100000000)
  eden space 133632K, 0% used [0x00000000eb600000,0x00000000eb600000,0x00000000f3880000)
  from space 20480K, 99% used [0x00000000f3b80000,0x00000000f4f7ae40,0x00000000f4f80000)
  to   space 25600K, 0% used [0x00000000f5180000,0x00000000f5180000,0x00000000f6a80000)
 ParOldGen       total 76800K, used 35380K [0x00000000c2200000, 0x00000000c6d00000, 0x00000000eb600000)
  object space 76800K, 46% used [0x00000000c2200000,0x00000000c448d380,0x00000000c6d00000)
 Metaspace       used 39114K, capacity 39456K, committed 39768K, reserved 1083392K
  class space    used 6096K, capacity 6199K, committed 6232K, reserved 1048576K
}
Event: 5.701 GC heap before
{Heap before GC invocations=14 (full 2):
 PSYoungGen      total 154112K, used 154091K [0x00000000eb600000, 0x00000000f6a80000, 0x0000000100000000)
  eden space 133632K, 100% used [0x00000000eb600000,0x00000000f3880000,0x00000000f3880000)
  from space 20480K, 99% used [0x00000000f3b80000,0x00000000f4f7ae40,0x00000000f4f80000)
  to   space 25600K, 0% used [0x00000000f5180000,0x00000000f5180000,0x00000000f6a80000)
 ParOldGen       total 76800K, used 35380K [0x00000000c2200000, 0x00000000c6d00000, 0x00000000eb600000)
  object space 76800K, 46% used [0x00000000c2200000,0x00000000c448d380,0x00000000c6d00000)
 Metaspace       used 39855K, capacity 40170K, committed 40280K, reserved 1083392K
  class space    used 6319K, capacity 6430K, committed 6488K, reserved 1048576K
Event: 5.752 GC heap after
Heap after GC invocations=14 (full 2):
 PSYoungGen      total 148992K, used 25596K [0x00000000eb600000, 0x00000000f9e80000, 0x0000000100000000)
  eden space 123392K, 0% used [0x00000000eb600000,0x00000000eb600000,0x00000000f2e80000)
  from space 25600K, 99% used [0x00000000f5180000,0x00000000f6a7f350,0x00000000f6a80000)
  to   space 35840K, 0% used [0x00000000f2e80000,0x00000000f2e80000,0x00000000f5180000)
 ParOldGen       total 76800K, used 51197K [0x00000000c2200000, 0x00000000c6d00000, 0x00000000eb600000)
  object space 76800K, 66% used [0x00000000c2200000,0x00000000c53ff7b8,0x00000000c6d00000)
 Metaspace       used 39855K, capacity 40170K, committed 40280K, reserved 1083392K
  class space    used 6319K, capacity 6430K, committed 6488K, reserved 1048576K
}
Event: 6.020 GC heap before
{Heap before GC invocations=15 (full 2):
 PSYoungGen      total 148992K, used 148988K [0x00000000eb600000, 0x00000000f9e80000, 0x0000000100000000)
  eden space 123392K, 100% used [0x00000000eb600000,0x00000000f2e80000,0x00000000f2e80000)
  from space 25600K, 99% used [0x00000000f5180000,0x00000000f6a7f350,0x00000000f6a80000)
  to   space 35840K, 0% used [0x00000000f2e80000,0x00000000f2e80000,0x00000000f5180000)
 ParOldGen       total 76800K, used 51197K [0x00000000c2200000, 0x00000000c6d00000, 0x00000000eb600000)
  object space 76800K, 66% used [0x00000000c2200000,0x00000000c53ff7b8,0x00000000c6d00000)
 Metaspace       used 39875K, capacity 40234K, committed 40536K, reserved 1083392K
  class space    used 6319K, capacity 6430K, committed 6488K, reserved 1048576K
Event: 6.045 GC heap after
Heap after GC invocations=15 (full 2):
 PSYoungGen      total 159232K, used 13919K [0x00000000eb600000, 0x00000000f9080000, 0x0000000100000000)
  eden space 123392K, 0% used [0x00000000eb600000,0x00000000eb600000,0x00000000f2e80000)
  from space 35840K, 38% used [0x00000000f2e80000,0x00000000f3c17f80,0x00000000f5180000)
  to   space 33792K, 0% used [0x00000000f6f80000,0x00000000f6f80000,0x00000000f9080000)
 ParOldGen       total 76800K, used 69874K [0x00000000c2200000, 0x00000000c6d00000, 0x00000000eb600000)
  object space 76800K, 90% used [0x00000000c2200000,0x00000000c663cac8,0x00000000c6d00000)
 Metaspace       used 39875K, capacity 40234K, committed 40536K, reserved 1083392K
  class space    used 6319K, capacity 6430K, committed 6488K, reserved 1048576K
}
Event: 6.045 GC heap before
{Heap before GC invocations=16 (full 3):
 PSYoungGen      total 159232K, used 13919K [0x00000000eb600000, 0x00000000f9080000, 0x0000000100000000)
  eden space 123392K, 0% used [0x00000000eb600000,0x00000000eb600000,0x00000000f2e80000)
  from space 35840K, 38% used [0x00000000f2e80000,0x00000000f3c17f80,0x00000000f5180000)
  to   space 33792K, 0% used [0x00000000f6f80000,0x00000000f6f80000,0x00000000f9080000)
 ParOldGen       total 76800K, used 69874K [0x00000000c2200000, 0x00000000c6d00000, 0x00000000eb600000)
  object space 76800K, 90% used [0x00000000c2200000,0x00000000c663cac8,0x00000000c6d00000)
 Metaspace       used 39875K, capacity 40234K, committed 40536K, reserved 1083392K
  class space    used 6319K, capacity 6430K, committed 6488K, reserved 1048576K
Event: 6.164 GC heap after
Heap after GC invocations=16 (full 3):
 PSYoungGen      total 159232K, used 0K [0x00000000eb600000, 0x00000000f9080000, 0x0000000100000000)
  eden space 123392K, 0% used [0x00000000eb600000,0x00000000eb600000,0x00000000f2e80000)
  from space 35840K, 0% used [0x00000000f2e80000,0x00000000f2e80000,0x00000000f5180000)
  to   space 33792K, 0% used [0x00000000f6f80000,0x00000000f6f80000,0x00000000f9080000)
 ParOldGen       total 115200K, used 47416K [0x00000000c2200000, 0x00000000c9280000, 0x00000000eb600000)
  object space 115200K, 41% used [0x00000000c2200000,0x00000000c504e360,0x00000000c9280000)
 Metaspace       used 39875K, capacity 40234K, committed 40536K, reserved 1083392K
  class space    used 6319K, capacity 6430K, committed 6488K, reserved 1048576K
}
Event: 6.318 GC heap before
{Heap before GC invocations=17 (full 3):
 PSYoungGen      total 159232K, used 123392K [0x00000000eb600000, 0x00000000f9080000, 0x0000000100000000)
  eden space 123392K, 100% used [0x00000000eb600000,0x00000000f2e80000,0x00000000f2e80000)
  from space 35840K, 0% used [0x00000000f2e80000,0x00000000f2e80000,0x00000000f5180000)
  to   space 33792K, 0% used [0x00000000f6f80000,0x00000000f6f80000,0x00000000f9080000)
 ParOldGen       total 115200K, used 47416K [0x00000000c2200000, 0x00000000c9280000, 0x00000000eb600000)
  object space 115200K, 41% used [0x00000000c2200000,0x00000000c504e360,0x00000000c9280000)
 Metaspace       used 40049K, capacity 40412K, committed 40536K, reserved 1083392K
  class space    used 6361K, capacity 6465K, committed 6488K, reserved 1048576K
Event: 6.366 GC heap after
Heap after GC invocations=17 (full 3):
 PSYoungGen      total 187392K, used 25840K [0x00000000eb600000, 0x00000000f9c80000, 0x0000000100000000)
  eden space 153600K, 0% used [0x00000000eb600000,0x00000000eb600000,0x00000000f4c00000)
  from space 33792K, 76% used [0x00000000f6f80000,0x00000000f88bc300,0x00000000f9080000)
  to   space 36352K, 0% used [0x00000000f4c00000,0x00000000f4c00000,0x00000000f6f80000)
 ParOldGen       total 115200K, used 47424K [0x00000000c2200000, 0x00000000c9280000, 0x00000000eb600000)
  object space 115200K, 41% used [0x00000000c2200000,0x00000000c5050360,0x00000000c9280000)
 Metaspace       used 40049K, capacity 40412K, committed 40536K, reserved 1083392K
  class space    used 6361K, capacity 6465K, committed 6488K, reserved 1048576K
}

